Submitting TIMING jobs from: /home/rmengle/pin/source/tools/pinfi/example/benchmarks/basicmath/basicmath_small_executables
--------------------------------------------------
Dataset detected: basicmath_small_executables

Submitting timing job: timing_basicmath_small_O0_exec
Submitted batch job 5585386
Submitting timing job: timing_basicmath_small_O1_exec
Submitted batch job 5585387
Submitting timing job: timing_basicmath_small_O2_exec
Submitted batch job 5585388
Submitting timing job: timing_basicmath_small_O3_exec
Submitted batch job 5585389
Submitting timing job: timing_basicmath_small_cse_exec
Submitted batch job 5585390
Submitting timing job: timing_basicmath_small_gvn_exec
Submitted batch job 5585391
Submitting timing job: timing_basicmath_small_inline_exec
Submitted batch job 5585392
Submitting timing job: timing_basicmath_small_instcombine_exec
Submitted batch job 5585393
Submitting timing job: timing_basicmath_small_ipsccp_exec
Submitted batch job 5585394
Submitting timing job: timing_basicmath_small_licm_exec
Submitted batch job 5585395
Submitting timing job: timing_basicmath_small_loopreduce_exec
Submitted batch job 5585396
Submitting timing job: timing_basicmath_small_sccp_exec
Submitted batch job 5585397
Submitting timing job: timing_basicmath_small_unroll4_exec
Submitted batch job 5585398
Submitting timing job: timing_basicmath_small_unroll_exec
Submitted batch job 5585399
Submitting timing job: timing_basicmath_small_unswitch_exec
Submitted batch job 5585400
--------------------------------------------------
All timing jobs submitted.
